<?xml version="1.0" encoding="UTF-8" ?>
<testsuite tests="1" failures="0" name="org.wanwanframework.jdbc.jdbcTemplate.AppTest" time="0.007" errors="0" skipped="0">
  <properties>
    <property name="java.runtime.name" value="Java(TM) SE Runtime Environment"/>
    <property name="sun.boot.library.path" value="D:\Program Files\Java\jdk1.8.0_31\bin"/>
    <property name="java.vm.version" value="25.31-b07"/>
    <property name="java.vm.vendor" value="Oracle Corporation"/>
    <property name="maven.multiModuleProjectDirectory" value="E:\git\work2\wanwan-jdbc-template"/>
    <property name="java.vendor.url" value="http://java.oracle.com/"/>
    <property name="path.separator" value=";"/>
    <property name="guice.disable.misplaced.annotation.check" value="true"/>
    <property name="java.vm.name" value="Java HotSpot(TM) 64-Bit Server VM"/>
    <property name="file.encoding.pkg" value="sun.io"/>
    <property name="user.script" value=""/>
    <property name="user.country" value="CN"/>
    <property name="sun.java.launcher" value="SUN_STANDARD"/>
    <property name="sun.os.patch.level" value=""/>
    <property name="java.vm.specification.name" value="Java Virtual Machine Specification"/>
    <property name="user.dir" value="E:\git\work2\wanwan-jdbc-template"/>
    <property name="java.runtime.version" value="1.8.0_31-b13"/>
    <property name="java.awt.graphicsenv" value="sun.awt.Win32GraphicsEnvironment"/>
    <property name="java.endorsed.dirs" value="D:\Program Files\Java\jdk1.8.0_31\lib\endorsed"/>
    <property name="os.arch" value="amd64"/>
    <property name="java.io.tmpdir" value="c:\Temp\"/>
    <property name="line.separator" value="
"/>
    <property name="java.vm.specification.vendor" value="Oracle Corporation"/>
    <property name="user.variant" value=""/>
    <property name="os.name" value="Windows 8.1"/>
    <property name="classworlds.conf" value="E:\git\work2\.metadata\.plugins\org.eclipse.m2e.launching\launches\m2conf4521708401678933451.tmp"/>
    <property name="sun.jnu.encoding" value="GBK"/>
    <property name="java.library.path" value="D:\Program Files\Java\jdk1.8.0_31\bin;C:\windows\Sun\Java\bin;C:\windows\system32;C:\windows;D:/Program Files/Java/jdk1.8.0_31/bin/server;D:/Program Files/Java/jdk1.8.0_31/bin;D:/Program Files/Java/jdk1.8.0_31/lib/amd64;C:\Program Files (x86)\Common Files\NetSarang;C:\ProgramData\Oracle\Java\javapath;f:\app\coco\product\11.2.0\dbhome_1\bin;C:\app\coco\product\12.1.0\dbhome_2\bin;C:\windows\system32;C:\windows;C:\windows\System32\Wbem;C:\windows\System32\WindowsPowerShell\v1.0\;C:\Program Files (x86)\NVIDIA Corporation\PhysX\Common;D:\Program Files\maven\apache-maven-3.3.3\bin;d:\Program Files\Git\cmd;D:\Program Files\Java\jdk1.8.0_31\bin;D:\Program Files\TortoiseSVN\bin;E:\design\groovy\apache-groovy-binary-2.4.7\groovy-2.4.7\bin;D:\Program Files\apache-tomcat-8.0.32;C:\MATLAB7\bin\win32;C:\Program Files\MATLAB\R2014b\runtime\win64;C:\Program Files\MATLAB\R2014b\bin;C:\Program Files\MATLAB\R2014b\polyspace\bin;D:\Program Files\VisualSVN Server\bin;C:\Program Files (x86)\GNU\GnuPG\pub;C:\TDM-GCC-64\bin;D:\Program Files\TortoiseGit\bin;D:\Program Files (x86)\MySQL\MySQL Server 5.5\bin;C:\Users\coco\AppData\Local\Programs\Python\Python35\Scripts\;C:\Users\coco\AppData\Local\Programs\Python\Python35\;F:\software\主要开发工具类\eclipse\eclipse-jee-neon-1a-win32-x86_64\eclipse;;."/>
    <property name="java.specification.name" value="Java Platform API Specification"/>
    <property name="java.class.version" value="52.0"/>
    <property name="sun.management.compiler" value="HotSpot 64-Bit Tiered Compilers"/>
    <property name="os.version" value="6.3"/>
    <property name="user.home" value="C:\Users\coco"/>
    <property name="user.timezone" value="Asia/Shanghai"/>
    <property name="java.awt.printerjob" value="sun.awt.windows.WPrinterJob"/>
    <property name="java.specification.version" value="1.8"/>
    <property name="file.encoding" value="GBK"/>
    <property name="user.name" value="coco"/>
    <property name="java.class.path" value="/F:/software/主要开发工具类/eclipse/eclipse-jee-neon-1a-win32-x86_64/eclipse/plugins/org.eclipse.m2e.maven.runtime_1.7.0.20160603-1931/jars/plexus-classworlds-2.5.2.jar"/>
    <property name="java.vm.specification.version" value="1.8"/>
    <property name="sun.arch.data.model" value="64"/>
    <property name="java.home" value="D:\Program Files\Java\jdk1.8.0_31"/>
    <property name="sun.java.command" value="org.codehaus.plexus.classworlds.launcher.Launcher -B install"/>
    <property name="java.specification.vendor" value="Oracle Corporation"/>
    <property name="user.language" value="zh"/>
    <property name="awt.toolkit" value="sun.awt.windows.WToolkit"/>
    <property name="java.vm.info" value="mixed mode"/>
    <property name="java.version" value="1.8.0_31"/>
    <property name="java.ext.dirs" value="D:\Program Files\Java\jdk1.8.0_31\lib\ext;C:\windows\Sun\Java\lib\ext"/>
    <property name="sun.boot.class.path" value="D:\Program Files\Java\jdk1.8.0_31\lib\resources.jar;D:\Program Files\Java\jdk1.8.0_31\lib\rt.jar;D:\Program Files\Java\jdk1.8.0_31\lib\sunrsasign.jar;D:\Program Files\Java\jdk1.8.0_31\lib\jsse.jar;D:\Program Files\Java\jdk1.8.0_31\lib\jce.jar;D:\Program Files\Java\jdk1.8.0_31\lib\charsets.jar;D:\Program Files\Java\jdk1.8.0_31\lib\jfr.jar;D:\Program Files\Java\jdk1.8.0_31\classes"/>
    <property name="java.vendor" value="Oracle Corporation"/>
    <property name="maven.home" value="E:\git\work2\wanwan-jdbc-template\EMBEDDED"/>
    <property name="file.separator" value="\"/>
    <property name="java.vendor.url.bug" value="http://bugreport.sun.com/bugreport/"/>
    <property name="sun.cpu.endian" value="little"/>
    <property name="sun.io.unicode.encoding" value="UnicodeLittle"/>
    <property name="sun.desktop" value="windows"/>
    <property name="sun.cpu.isalist" value="amd64"/>
  </properties>
  <testcase classname="org.wanwanframework.jdbc.jdbcTemplate.AppTest" name="testApp" time="0.007"/>
</testsuite>